<?xml version="1.0" encoding="UTF-8"?>
<!-- Generated by org.testng.reporters.JUnitXMLReporter -->
<testsuite ignored="1" hostname="DESKTOP-L12EV7F" failures="0" tests="2" name="Test_runner-1" time="14.423" errors="0" timestamp="2023-01-10T10:48:45 IST">
  <testcase classname="PracticeAutomation2.AddProducttocart" name="printallproductprice" time="0.139"/>
  <testcase classname="PracticeAutomation2.AddProducttocart" name="productadd" time="0.696"/>
  <testcase classname="PracticeAutomation2.AddProducttocart" name="printallproductprice" time="0.0">
    <ignored/>
  </testcase> <!-- printallproductprice -->
</testsuite> <!-- Test_runner-1 -->
