<?xml version="1.0" encoding="UTF-8"?>
<!-- Generated by org.testng.reporters.JUnitXMLReporter -->
<testsuite ignored="1" hostname="DESKTOP-L12EV7F" failures="0" tests="1" name="Test" time="55.043" errors="0" timestamp="2023-01-10T16:46:54 IST">
  <testcase classname="PracticeAutomation2.AddProducttocart" name="productadd" time="0.651"/>
  <testcase classname="PracticeAutomation2.AddProducttocart" name="printallproductprice" time="0.0">
    <ignored/>
  </testcase> <!-- printallproductprice -->
</testsuite> <!-- Test -->
