<?xml version="1.0" encoding="UTF-8"?>
<testng-results ignored="1" total="2" passed="1" failed="0" skipped="0">
  <reporter-output>
  </reporter-output>
  <suite started-at="2023-01-10T10:08:10 IST" name="Suite" finished-at="2023-01-10T10:08:53 IST" duration-ms="42994">
    <groups>
    </groups>
    <test started-at="2023-01-10T10:08:10 IST" name="Test_runner-1" finished-at="2023-01-10T10:08:53 IST" duration-ms="42994">
      <class name="PracticeAutomation2.AddProducttocart">
        <test-method is-config="true" signature="launchingbrowser()[pri:0, instance:PracticeAutomation2.AddProducttocart@3514a4c0]" started-at="2023-01-10T10:08:10 IST" name="launchingbrowser" finished-at="2023-01-10T10:08:13 IST" duration-ms="2756" status="PASS">
          <reporter-output>
          </reporter-output>
        </test-method> <!-- launchingbrowser -->
        <test-method is-config="true" signature="login()[pri:0, instance:PracticeAutomation2.AddProducttocart@3514a4c0]" started-at="2023-01-10T10:08:13 IST" name="login" finished-at="2023-01-10T10:08:49 IST" duration-ms="36329" status="PASS">
          <reporter-output>
          </reporter-output>
        </test-method> <!-- login -->
        <test-method signature="productadd()[pri:0, instance:PracticeAutomation2.AddProducttocart@3514a4c0]" started-at="2023-01-10T10:08:49 IST" name="productadd" finished-at="2023-01-10T10:08:50 IST" duration-ms="663" status="PASS">
          <reporter-output>
          </reporter-output>
        </test-method> <!-- productadd -->
        <test-method is-config="true" signature="logout()[pri:0, instance:PracticeAutomation2.AddProducttocart@3514a4c0]" started-at="2023-01-10T10:08:50 IST" name="logout" finished-at="2023-01-10T10:08:53 IST" duration-ms="3121" status="PASS">
          <reporter-output>
          </reporter-output>
        </test-method> <!-- logout -->
        <test-method is-config="true" signature="closingBrowser()[pri:0, instance:PracticeAutomation2.AddProducttocart@3514a4c0]" started-at="2023-01-10T10:08:53 IST" name="closingBrowser" finished-at="2023-01-10T10:08:53 IST" duration-ms="89" status="PASS">
          <reporter-output>
          </reporter-output>
        </test-method> <!-- closingBrowser -->
      </class> <!-- PracticeAutomation2.AddProducttocart -->
    </test> <!-- Test_runner-1 -->
  </suite> <!-- Suite -->
</testng-results>
